This is XeTeX, Version 3.14159265-2.6-0.99998 (TeX Live 2017/Debian) (preloaded format=xelatex 2017.10.25)  7 NOV 2017 22:40
entering extended mode
 restricted \write18 enabled.
 %&-line parsing enabled.
**figs_and_tables
(./figs_and_tables.tex
LaTeX2e <2017-04-15>
Babel <3.12> and hyphenation patterns for 7 language(s) loaded.
(/usr/share/texlive/texmf-dist/tex/latex/base/article.cls
Document Class: article 2014/09/29 v1.4h Standard LaTeX document class
(/usr/share/texlive/texmf-dist/tex/latex/base/size10.clo
File: size10.clo 2014/09/29 v1.4h Standard LaTeX file (size option)
)
\c@part=\count79
\c@section=\count80
\c@subsection=\count81
\c@subsubsection=\count82
\c@paragraph=\count83
\c@subparagraph=\count84
\c@figure=\count85
\c@table=\count86
\abovecaptionskip=\skip41
\belowcaptionskip=\skip42
\bibindent=\dimen102
)
(/usr/share/texlive/texmf-dist/tex/latex/multirow/multirow.sty
Package: multirow 2016/11/25 v2.2 Span multiple rows of a table
\multirow@colwidth=\skip43
\multirow@cntb=\count87
\multirow@dima=\skip44
\bigstrutjot=\dimen103
)
(/usr/share/texlive/texmf-dist/tex/latex/booktabs/booktabs.sty
Package: booktabs 2016/04/27 v1.618033 publication quality tables
\heavyrulewidth=\dimen104
\lightrulewidth=\dimen105
\cmidrulewidth=\dimen106
\belowrulesep=\dimen107
\belowbottomsep=\dimen108
\aboverulesep=\dimen109
\abovetopsep=\dimen110
\cmidrulesep=\dimen111
\cmidrulekern=\dimen112
\defaultaddspace=\dimen113
\@cmidla=\count88
\@cmidlb=\count89
\@aboverulesep=\dimen114
\@belowrulesep=\dimen115
\@thisruleclass=\count90
\@lastruleclass=\count91
\@thisrulewidth=\dimen116
)
(/usr/share/texlive/texmf-dist/tex/latex/graphics/graphicx.sty
Package: graphicx 2017/06/01 v1.1a Enhanced LaTeX Graphics (DPC,SPQR)

(/usr/share/texlive/texmf-dist/tex/latex/graphics/keyval.sty
Package: keyval 2014/10/28 v1.15 key=value parser (DPC)
\KV@toks@=\toks14
)
(/usr/share/texlive/texmf-dist/tex/latex/graphics/graphics.sty
Package: graphics 2017/06/25 v1.2c Standard LaTeX Graphics (DPC,SPQR)

(/usr/share/texlive/texmf-dist/tex/latex/graphics/trig.sty
Package: trig 2016/01/03 v1.10 sin cos tan (DPC)
)
(/usr/share/texlive/texmf-dist/tex/latex/graphics-cfg/graphics.cfg
File: graphics.cfg 2016/06/04 v1.11 sample graphics configuration
)
Package graphics Info: Driver file: xetex.def on input line 99.

(/usr/share/texlive/texmf-dist/tex/latex/graphics-def/xetex.def
File: xetex.def 2017/06/24 v5.0h Graphics/color driver for xetex
))
\Gin@req@height=\dimen117
\Gin@req@width=\dimen118
)
(/usr/share/texlive/texmf-dist/tex/latex/geometry/geometry.sty
Package: geometry 2010/09/12 v5.6 Page Geometry

(/usr/share/texlive/texmf-dist/tex/generic/oberdiek/ifpdf.sty
Package: ifpdf 2017/03/15 v3.2 Provides the ifpdf switch
)
(/usr/share/texlive/texmf-dist/tex/generic/oberdiek/ifvtex.sty
Package: ifvtex 2016/05/16 v1.6 Detect VTeX and its facilities (HO)
Package ifvtex Info: VTeX not detected.
)
(/usr/share/texlive/texmf-dist/tex/generic/ifxetex/ifxetex.sty
Package: ifxetex 2010/09/12 v0.6 Provides ifxetex conditional
)
\Gm@cnth=\count92
\Gm@cntv=\count93
\c@Gm@tempcnt=\count94
\Gm@bindingoffset=\dimen119
\Gm@wd@mp=\dimen120
\Gm@odd@mp=\dimen121
\Gm@even@mp=\dimen122
\Gm@layoutwidth=\dimen123
\Gm@layoutheight=\dimen124
\Gm@layouthoffset=\dimen125
\Gm@layoutvoffset=\dimen126
\Gm@dimlist=\toks15
)
(./figs_and_tables.aux)
\openout1 = `figs_and_tables.aux'.

LaTeX Font Info:    Checking defaults for OML/cmm/m/it on input line 8.
LaTeX Font Info:    ... okay on input line 8.
LaTeX Font Info:    Checking defaults for T1/cmr/m/n on input line 8.
LaTeX Font Info:    ... okay on input line 8.
LaTeX Font Info:    Checking defaults for OT1/cmr/m/n on input line 8.
LaTeX Font Info:    ... okay on input line 8.
LaTeX Font Info:    Checking defaults for OMS/cmsy/m/n on input line 8.
LaTeX Font Info:    ... okay on input line 8.
LaTeX Font Info:    Checking defaults for TU/lmr/m/n on input line 8.
LaTeX Font Info:    ... okay on input line 8.
LaTeX Font Info:    Checking defaults for OMX/cmex/m/n on input line 8.
LaTeX Font Info:    ... okay on input line 8.
LaTeX Font Info:    Checking defaults for U/cmr/m/n on input line 8.
LaTeX Font Info:    ... okay on input line 8.

*geometry* driver: auto-detecting
*geometry* detected driver: xetex
*geometry* verbose mode - [ preamble ] result:
* driver: xetex
* paper: <default>
* layout: <same size as paper>
* layoutoffset:(h,v)=(0.0pt,0.0pt)
* modes: 
* h-part:(L,W,R)=(36.135pt, 542.02501pt, 36.135pt)
* v-part:(T,H,B)=(36.135pt, 722.7pt, 36.135pt)
* \paperwidth=614.295pt
* \paperheight=794.96999pt
* \textwidth=542.02501pt
* \textheight=722.7pt
* \oddsidemargin=-36.135pt
* \evensidemargin=-36.135pt
* \topmargin=-73.135pt
* \headheight=12.0pt
* \headsep=25.0pt
* \topskip=10.0pt
* \footskip=30.0pt
* \marginparwidth=65.0pt
* \marginparsep=11.0pt
* \columnsep=10.0pt
* \skip\footins=9.0pt plus 4.0pt minus 2.0pt
* \hoffset=0.0pt
* \voffset=0.0pt
* \mag=1000
* \@twocolumnfalse
* \@twosidefalse
* \@mparswitchfalse
* \@reversemarginfalse
* (1in=72.27pt=25.4mm, 1cm=28.453pt)

File: ../../figures/fig-overview.pdf Graphic file (type pdf)
<use ../../figures/fig-overview.pdf>

LaTeX Warning: Float too large for page by 44.22786pt on input line 16.

(./table-composition.tex
LaTeX Font Info:    External font `cmex10' loaded for size
(Font)              <7> on input line 2.
LaTeX Font Info:    External font `cmex10' loaded for size
(Font)              <5> on input line 2.
) (./table-main.tex) (./figure-scatter.tex
File: fig-scatter.pdf Graphic file (type pdf)
<use fig-scatter.pdf>
)
(./steps-v-corr.tex
File: steps-v-corr.pdf Graphic file (type pdf)
<use steps-v-corr.pdf>
) (./steps-v-corr_mult.tex
File: steps-v-corr_mult.pdf Graphic file (type pdf)
<use steps-v-corr_mult.pdf>
) (./steps-v-corr_resolution.tex
File: steps-v-corr_resolution.pdf Graphic file (type pdf)
<use steps-v-corr_resolution.pdf>
)
(./steps-v-corr_some_sizes.tex
File: steps-v-corr_some_sizes.pdf Graphic file (type pdf)
<use steps-v-corr_some_sizes.pdf>
)
(./structs-v-corr-id-zemu-12-60000-rscript-validated-t14.tex
File: structs-v-corr-id-zemu-12-60000-rscript-validated-t14.pdf Graphic file (t
ype pdf)
<use structs-v-corr-id-zemu-12-60000-rscript-validated-t14.pdf>
)
(./structs-v-corr-WildTypeComplex-zemu-12-60000-rscript-validated-t14.tex
File: structs-v-corr-WildTypeComplex-zemu-12-60000-rscript-validated-t14.pdf Gr
aphic file (type pdf)
<use structs-v-corr-WildTypeComplex-zemu-12-60000-rscript-validated-t14.pdf>
)
(./structs-v-corr-id-ddg-monomer-16-003-zemu-2.tex
File: structs-v-corr-id-ddg-monomer-16-003-zemu-2.pdf Graphic file (type pdf)
<use structs-v-corr-id-ddg-monomer-16-003-zemu-2.pdf>
)
(./structs-v-corr-WildTypeComplex-ddg-monomer-16-003-zemu-2.tex
File: structs-v-corr-WildTypeComplex-ddg-monomer-16-003-zemu-2.pdf Graphic file
 (type pdf)
<use structs-v-corr-WildTypeComplex-ddg-monomer-16-003-zemu-2.pdf>
)
(./table-temperature.tex) (./table-mult.tex) (./table-antibodies.tex)
(./table-versions.tex) (./table-stabilizing.tex) (./table-by-structure.tex

LaTeX Warning: Float too large for page by 1363.23068pt on input line 220.

) (./table-ref.tex) [1] [2] [3] [4] [5] [6] [7] [8] [9] [10] [11] [12] [13]
[14] (./figs_and_tables.aux) ) 
Here is how much of TeX's memory you used:
 1307 strings out of 494947
 19811 string characters out of 6177098
 174075 words of memory out of 5000000
 5147 multiletter control sequences out of 15000+600000
 3656 words of font info for 16 fonts, out of 8000000 for 9000
 14 hyphenation exceptions out of 8191
 25i,10n,32p,467b,223s stack positions out of 5000i,500n,10000p,200000b,80000s

Output written on figs_and_tables.pdf (14 pages).
